<?xml version="1.0" encoding="UTF-8"?>
<!-- Generated by org.testng.reporters.JUnitReportReporter -->
<testsuite name="Jenkins.JenkinsTest" tests="1" time="5.895" ignored="0" failures="0" timestamp="22 Feb 2017 05:21:02 GMT" skipped="0" hostname="Ripon" errors="0">
  <testcase name="jenkinsTest" time="5.895" classname="Jenkins.JenkinsTest"/>
</testsuite> <!-- Jenkins.JenkinsTest -->
